[12-Mar-2023 19:22:13 UTC] The Automattic\WooCommerce\Admin\API\Options::get_options function is deprecated since version 3.1.
[12-Mar-2023 19:22:13 UTC] The Automattic\WooCommerce\Admin\API\Options::get_options function is deprecated since version 3.1.
[12-Mar-2023 19:29:14 UTC] The Automattic\WooCommerce\Admin\API\Options::update_options function is deprecated since version 3.1.
[12-Mar-2023 19:29:14 UTC] The Automattic\WooCommerce\Admin\API\Options::update_options function is deprecated since version 3.1.
[12-Mar-2023 19:29:14 UTC] The Automattic\WooCommerce\Admin\API\Options::update_options function is deprecated since version 3.1.
[12-Mar-2023 19:29:14 UTC] The Automattic\WooCommerce\Admin\API\Options::update_options function is deprecated since version 3.1.
[12-Mar-2023 19:41:24 UTC] Błąd ponownego ustawienia zdarzenia harmonogramu cron dla uchwytu: action_scheduler_run_queue, kod błędu: could_not_set, komunikat błędu: Nie można zapisać listy zdarzeń cron., dane: {"schedule":"every_minute","args":["WP Cron"],"interval":60}
[12-Mar-2023 19:44:28 UTC] The Automattic\WooCommerce\Admin\API\Options::get_options function is deprecated since version 3.1.
[12-Mar-2023 19:44:28 UTC] The Automattic\WooCommerce\Admin\API\Options::get_options function is deprecated since version 3.1.
[12-Mar-2023 19:58:31 UTC] The Automattic\WooCommerce\Admin\API\Options::get_options function is deprecated since version 3.1.
[12-Mar-2023 19:58:31 UTC] The Automattic\WooCommerce\Admin\API\Options::get_options function is deprecated since version 3.1.
[12-Mar-2023 20:04:30 UTC] The Automattic\WooCommerce\Admin\API\Options::get_options function is deprecated since version 3.1.
[12-Mar-2023 20:04:30 UTC] The Automattic\WooCommerce\Admin\API\Options::get_options function is deprecated since version 3.1.
[12-Mar-2023 20:13:26 UTC] The Automattic\WooCommerce\Admin\API\Options::get_options function is deprecated since version 3.1.
[12-Mar-2023 20:13:26 UTC] The Automattic\WooCommerce\Admin\API\Options::get_options function is deprecated since version 3.1.
[12-Mar-2023 20:18:38 UTC] The Automattic\WooCommerce\Admin\API\Options::get_options function is deprecated since version 3.1.
[12-Mar-2023 20:18:38 UTC] The Automattic\WooCommerce\Admin\API\Options::get_options function is deprecated since version 3.1.
[12-Mar-2023 20:31:22 UTC] The Automattic\WooCommerce\Admin\API\Options::get_options function is deprecated since version 3.1.
[12-Mar-2023 20:31:22 UTC] The Automattic\WooCommerce\Admin\API\Options::get_options function is deprecated since version 3.1.
[12-Mar-2023 20:35:50 UTC] The Automattic\WooCommerce\Admin\API\Options::get_options function is deprecated since version 3.1.
[12-Mar-2023 20:35:50 UTC] The Automattic\WooCommerce\Admin\API\Options::get_options function is deprecated since version 3.1.
[12-Mar-2023 20:50:16 UTC] The Automattic\WooCommerce\Admin\API\Options::get_options function is deprecated since version 3.1.
[12-Mar-2023 20:50:16 UTC] The Automattic\WooCommerce\Admin\API\Options::get_options function is deprecated since version 3.1.
[12-Mar-2023 20:54:32 UTC] The Automattic\WooCommerce\Admin\API\Options::get_options function is deprecated since version 3.1.
[12-Mar-2023 20:54:32 UTC] The Automattic\WooCommerce\Admin\API\Options::get_options function is deprecated since version 3.1.
[12-Mar-2023 21:00:51 UTC] The Automattic\WooCommerce\Admin\API\Options::get_options function is deprecated since version 3.1.
[12-Mar-2023 21:00:51 UTC] The Automattic\WooCommerce\Admin\API\Options::get_options function is deprecated since version 3.1.
[12-Mar-2023 21:05:51 UTC] The Automattic\WooCommerce\Admin\API\Options::get_options function is deprecated since version 3.1.
[12-Mar-2023 21:05:51 UTC] The Automattic\WooCommerce\Admin\API\Options::get_options function is deprecated since version 3.1.
[12-Mar-2023 21:14:21 UTC] The Automattic\WooCommerce\Admin\API\Options::get_options function is deprecated since version 3.1.
[12-Mar-2023 21:14:21 UTC] The Automattic\WooCommerce\Admin\API\Options::get_options function is deprecated since version 3.1.
[13-Mar-2023 16:11:11 UTC] The Automattic\WooCommerce\Admin\API\Options::get_options function is deprecated since version 3.1.
[13-Mar-2023 16:11:11 UTC] The Automattic\WooCommerce\Admin\API\Options::get_options function is deprecated since version 3.1.
[13-Mar-2023 16:15:16 UTC] The Automattic\WooCommerce\Admin\API\Options::get_options function is deprecated since version 3.1.
[13-Mar-2023 16:15:16 UTC] The Automattic\WooCommerce\Admin\API\Options::get_options function is deprecated since version 3.1.
[13-Mar-2023 16:18:59 UTC] The Automattic\WooCommerce\Admin\API\Options::get_options function is deprecated since version 3.1.
[13-Mar-2023 16:18:59 UTC] The Automattic\WooCommerce\Admin\API\Options::get_options function is deprecated since version 3.1.
[13-Mar-2023 16:23:17 UTC] The Automattic\WooCommerce\Admin\API\Options::get_options function is deprecated since version 3.1.
[13-Mar-2023 16:23:17 UTC] The Automattic\WooCommerce\Admin\API\Options::get_options function is deprecated since version 3.1.
[13-Mar-2023 16:26:41 UTC] The Automattic\WooCommerce\Admin\API\Options::get_options function is deprecated since version 3.1.
[13-Mar-2023 16:26:41 UTC] The Automattic\WooCommerce\Admin\API\Options::get_options function is deprecated since version 3.1.
[13-Mar-2023 16:30:09 UTC] The Automattic\WooCommerce\Admin\API\Options::get_options function is deprecated since version 3.1.
[13-Mar-2023 16:30:09 UTC] The Automattic\WooCommerce\Admin\API\Options::get_options function is deprecated since version 3.1.
[13-Mar-2023 16:34:44 UTC] The Automattic\WooCommerce\Admin\API\Options::get_options function is deprecated since version 3.1.
[13-Mar-2023 16:34:44 UTC] The Automattic\WooCommerce\Admin\API\Options::get_options function is deprecated since version 3.1.
[13-Mar-2023 16:40:39 UTC] The Automattic\WooCommerce\Admin\API\Options::get_options function is deprecated since version 3.1.
[13-Mar-2023 16:40:39 UTC] The Automattic\WooCommerce\Admin\API\Options::get_options function is deprecated since version 3.1.
[13-Mar-2023 16:46:32 UTC] The Automattic\WooCommerce\Admin\API\Options::get_options function is deprecated since version 3.1.
[13-Mar-2023 16:46:32 UTC] The Automattic\WooCommerce\Admin\API\Options::get_options function is deprecated since version 3.1.
[13-Mar-2023 16:56:43 UTC] The Automattic\WooCommerce\Admin\API\Options::get_options function is deprecated since version 3.1.
[13-Mar-2023 16:56:43 UTC] The Automattic\WooCommerce\Admin\API\Options::get_options function is deprecated since version 3.1.
[13-Mar-2023 17:00:38 UTC] The Automattic\WooCommerce\Admin\API\Options::get_options function is deprecated since version 3.1.
[13-Mar-2023 17:00:38 UTC] The Automattic\WooCommerce\Admin\API\Options::get_options function is deprecated since version 3.1.
[13-Mar-2023 17:03:35 UTC] The Automattic\WooCommerce\Admin\API\Options::get_options function is deprecated since version 3.1.
[13-Mar-2023 17:03:35 UTC] The Automattic\WooCommerce\Admin\API\Options::get_options function is deprecated since version 3.1.
[13-Mar-2023 17:08:17 UTC] The Automattic\WooCommerce\Admin\API\Options::get_options function is deprecated since version 3.1.
[13-Mar-2023 17:08:17 UTC] The Automattic\WooCommerce\Admin\API\Options::get_options function is deprecated since version 3.1.
[13-Mar-2023 17:11:02 UTC] The Automattic\WooCommerce\Admin\API\Options::get_options function is deprecated since version 3.1.
[13-Mar-2023 17:11:02 UTC] The Automattic\WooCommerce\Admin\API\Options::get_options function is deprecated since version 3.1.
[13-Mar-2023 17:13:37 UTC] The Automattic\WooCommerce\Admin\API\Options::get_options function is deprecated since version 3.1.
[13-Mar-2023 17:13:37 UTC] The Automattic\WooCommerce\Admin\API\Options::get_options function is deprecated since version 3.1.
[13-Mar-2023 17:16:16 UTC] The Automattic\WooCommerce\Admin\API\Options::get_options function is deprecated since version 3.1.
[13-Mar-2023 17:16:16 UTC] The Automattic\WooCommerce\Admin\API\Options::get_options function is deprecated since version 3.1.
[13-Mar-2023 17:18:53 UTC] The Automattic\WooCommerce\Admin\API\Options::get_options function is deprecated since version 3.1.
[13-Mar-2023 17:18:53 UTC] The Automattic\WooCommerce\Admin\API\Options::get_options function is deprecated since version 3.1.
[13-Mar-2023 17:27:38 UTC] The Automattic\WooCommerce\Admin\API\Options::get_options function is deprecated since version 3.1.
[13-Mar-2023 17:27:38 UTC] The Automattic\WooCommerce\Admin\API\Options::get_options function is deprecated since version 3.1.
[13-Mar-2023 17:32:56 UTC] The Automattic\WooCommerce\Admin\API\Options::get_options function is deprecated since version 3.1.
[13-Mar-2023 17:32:56 UTC] The Automattic\WooCommerce\Admin\API\Options::get_options function is deprecated since version 3.1.
[13-Mar-2023 17:38:26 UTC] The Automattic\WooCommerce\Admin\API\Options::get_options function is deprecated since version 3.1.
[13-Mar-2023 17:38:26 UTC] The Automattic\WooCommerce\Admin\API\Options::get_options function is deprecated since version 3.1.
[13-Mar-2023 17:41:45 UTC] The Automattic\WooCommerce\Admin\API\Options::get_options function is deprecated since version 3.1.
[13-Mar-2023 17:41:45 UTC] The Automattic\WooCommerce\Admin\API\Options::get_options function is deprecated since version 3.1.
[13-Mar-2023 17:44:01 UTC] The Automattic\WooCommerce\Admin\API\Options::get_options function is deprecated since version 3.1.
[13-Mar-2023 17:44:01 UTC] The Automattic\WooCommerce\Admin\API\Options::get_options function is deprecated since version 3.1.
[13-Mar-2023 17:46:30 UTC] The Automattic\WooCommerce\Admin\API\Options::get_options function is deprecated since version 3.1.
[13-Mar-2023 17:46:30 UTC] The Automattic\WooCommerce\Admin\API\Options::get_options function is deprecated since version 3.1.
[13-Mar-2023 17:50:07 UTC] The Automattic\WooCommerce\Admin\API\Options::get_options function is deprecated since version 3.1.
[13-Mar-2023 17:50:07 UTC] The Automattic\WooCommerce\Admin\API\Options::get_options function is deprecated since version 3.1.
[13-Mar-2023 17:52:38 UTC] The Automattic\WooCommerce\Admin\API\Options::get_options function is deprecated since version 3.1.
[13-Mar-2023 17:52:38 UTC] The Automattic\WooCommerce\Admin\API\Options::get_options function is deprecated since version 3.1.
[13-Mar-2023 17:58:10 UTC] The Automattic\WooCommerce\Admin\API\Options::get_options function is deprecated since version 3.1.
[13-Mar-2023 17:58:10 UTC] The Automattic\WooCommerce\Admin\API\Options::get_options function is deprecated since version 3.1.
[13-Mar-2023 18:26:10 UTC] The Automattic\WooCommerce\Admin\API\Options::get_options function is deprecated since version 3.1.
[13-Mar-2023 18:26:10 UTC] The Automattic\WooCommerce\Admin\API\Options::get_options function is deprecated since version 3.1.
[13-Mar-2023 18:32:33 UTC] The Automattic\WooCommerce\Admin\API\Options::get_options function is deprecated since version 3.1.
[13-Mar-2023 18:32:33 UTC] The Automattic\WooCommerce\Admin\API\Options::get_options function is deprecated since version 3.1.
[13-Mar-2023 18:39:13 UTC] The Automattic\WooCommerce\Admin\API\Options::get_options function is deprecated since version 3.1.
[13-Mar-2023 18:39:13 UTC] The Automattic\WooCommerce\Admin\API\Options::get_options function is deprecated since version 3.1.
[13-Mar-2023 18:43:08 UTC] The Automattic\WooCommerce\Admin\API\Options::get_options function is deprecated since version 3.1.
[13-Mar-2023 18:43:08 UTC] The Automattic\WooCommerce\Admin\API\Options::get_options function is deprecated since version 3.1.
[13-Mar-2023 18:49:15 UTC] The Automattic\WooCommerce\Admin\API\Options::get_options function is deprecated since version 3.1.
[13-Mar-2023 18:49:15 UTC] The Automattic\WooCommerce\Admin\API\Options::get_options function is deprecated since version 3.1.
[13-Mar-2023 18:55:24 UTC] The Automattic\WooCommerce\Admin\API\Options::get_options function is deprecated since version 3.1.
[13-Mar-2023 18:55:24 UTC] The Automattic\WooCommerce\Admin\API\Options::get_options function is deprecated since version 3.1.
[13-Mar-2023 19:02:17 UTC] The Automattic\WooCommerce\Admin\API\Options::get_options function is deprecated since version 3.1.
[13-Mar-2023 19:02:17 UTC] The Automattic\WooCommerce\Admin\API\Options::get_options function is deprecated since version 3.1.
[13-Mar-2023 19:12:32 UTC] The Automattic\WooCommerce\Admin\API\Options::get_options function is deprecated since version 3.1.
[13-Mar-2023 19:12:32 UTC] The Automattic\WooCommerce\Admin\API\Options::get_options function is deprecated since version 3.1.
[13-Mar-2023 19:16:47 UTC] The Automattic\WooCommerce\Admin\API\Options::get_options function is deprecated since version 3.1.
[13-Mar-2023 19:16:47 UTC] The Automattic\WooCommerce\Admin\API\Options::get_options function is deprecated since version 3.1.
[13-Mar-2023 19:19:45 UTC] The Automattic\WooCommerce\Admin\API\Options::get_options function is deprecated since version 3.1.
[13-Mar-2023 19:19:45 UTC] The Automattic\WooCommerce\Admin\API\Options::get_options function is deprecated since version 3.1.
[13-Mar-2023 19:34:57 UTC] The Automattic\WooCommerce\Admin\API\Options::get_options function is deprecated since version 3.1.
[13-Mar-2023 19:34:57 UTC] The Automattic\WooCommerce\Admin\API\Options::get_options function is deprecated since version 3.1.
[14-Mar-2023 16:49:37 UTC] The Automattic\WooCommerce\Admin\API\Options::get_options function is deprecated since version 3.1.
[14-Mar-2023 16:49:37 UTC] The Automattic\WooCommerce\Admin\API\Options::get_options function is deprecated since version 3.1.
[14-Mar-2023 16:59:47 UTC] The Automattic\WooCommerce\Admin\API\Options::get_options function is deprecated since version 3.1.
[14-Mar-2023 16:59:47 UTC] The Automattic\WooCommerce\Admin\API\Options::get_options function is deprecated since version 3.1.
[14-Mar-2023 19:07:34 UTC] The Automattic\WooCommerce\Admin\API\Options::get_options function is deprecated since version 3.1.
[14-Mar-2023 19:07:34 UTC] The Automattic\WooCommerce\Admin\API\Options::get_options function is deprecated since version 3.1.
[14-Mar-2023 20:08:59 UTC] Payment gateway with handle 'wc-payment-method-bacs' has been deactivated in Cart and Checkout blocks because its dependency 'wc-blocks-registry' is not registered. Read the docs about registering assets for payment methods: https://github.com/woocommerce/woocommerce-blocks/blob/060f63c04f0f34f645200b5d4da9212125c49177/docs/third-party-developers/extensibility/checkout-payment-methods/payment-method-integration.md#registering-assets
[14-Mar-2023 20:08:59 UTC] Payment gateway with handle 'wc-payment-method-cod' has been deactivated in Cart and Checkout blocks because its dependency 'wc-blocks-registry' is not registered. Read the docs about registering assets for payment methods: https://github.com/woocommerce/woocommerce-blocks/blob/060f63c04f0f34f645200b5d4da9212125c49177/docs/third-party-developers/extensibility/checkout-payment-methods/payment-method-integration.md#registering-assets
[14-Mar-2023 20:08:59 UTC] Payment gateway with handle 'wc-payment-method-bacs' has been deactivated in Cart and Checkout blocks because its dependency 'wc-blocks-registry' is not registered. Read the docs about registering assets for payment methods: https://github.com/woocommerce/woocommerce-blocks/blob/060f63c04f0f34f645200b5d4da9212125c49177/docs/third-party-developers/extensibility/checkout-payment-methods/payment-method-integration.md#registering-assets
[14-Mar-2023 20:08:59 UTC] Payment gateway with handle 'wc-payment-method-cod' has been deactivated in Cart and Checkout blocks because its dependency 'wc-blocks-registry' is not registered. Read the docs about registering assets for payment methods: https://github.com/woocommerce/woocommerce-blocks/blob/060f63c04f0f34f645200b5d4da9212125c49177/docs/third-party-developers/extensibility/checkout-payment-methods/payment-method-integration.md#registering-assets
